<?xml version="1.0" encoding="UTF-8"?>
<testng-results skipped="0" failed="2" ignored="0" total="2" passed="0">
  <reporter-output>
  </reporter-output>
  <suite name="Default suite" duration-ms="93613" started-at="2018-03-21T09:38:53Z" finished-at="2018-03-21T09:40:26Z">
    <groups>
    </groups>
    <test name="Default test" duration-ms="93613" started-at="2018-03-21T09:38:53Z" finished-at="2018-03-21T09:40:26Z">
      <class name="Newowner.annotation.TestExcelData">
        <test-method status="PASS" signature="setup()[pri:0, instance:Newowner.annotation.TestExcelData@6366ebe0]" name="setup" is-config="true" duration-ms="54012" started-at="2018-03-21T15:08:55Z" finished-at="2018-03-21T15:09:49Z">
          <reporter-output>
          </reporter-output>
        </test-method> <!-- setup -->
        <test-method status="FAIL" signature="Addownertest(java.lang.String, java.lang.String, java.lang.String, java.lang.String, java.lang.String)[pri:0, instance:Newowner.annotation.TestExcelData@6366ebe0]" name="Addownertest" duration-ms="3234" started-at="2018-03-21T15:09:49Z" data-provider="getTesdata" finished-at="2018-03-21T15:09:52Z">
          <params>
            <param index="0">
              <value>
                <![CDATA[kjhjk]]>
              </value>
            </param>
            <param index="1">
              <value>
                <![CDATA[lj]]>
              </value>
            </param>
            <param index="2">
              <value>
                <![CDATA[ojl]]>
              </value>
            </param>
            <param index="3">
              <value>
                <![CDATA[kjk]]>
              </value>
            </param>
            <param index="4">
              <value>
                <![CDATA[44]]>
              </value>
            </param>
          </params>
          <exception class="org.openqa.selenium.NoSuchElementException">
            <message>
              <![CDATA[Unable to locate element: {"method":"xpath","selector":"/html/body/nav/div/div[2]/ul/li[3]/a/span[2]"}Command duration or timeout: 3.01 secondsFor documentation on this error, please visit: http://seleniumhq.org/exceptions/no_such_element.htmlBuild info: version: '2.53.1', revision: 'a36b8b1cd5757287168e54b817830adce9b0158d', time: '2016-06-30 19:26:09'System info: host: 'Toshiba-PC-TOSH', ip: '192.168.56.1', os.name: 'Windows 7', os.arch: 'amd64', os.version: '6.1', java.version: '1.8.0_131'Driver info: org.openqa.selenium.firefox.FirefoxDriverCapabilities [{applicationCacheEnabled=true, rotatable=false, handlesAlerts=true, databaseEnabled=true, version=30.0, platform=WINDOWS, browserConnectionEnabled=true, nativeEvents=false, acceptSslCerts=true, webStorageEnabled=true, locationContextEnabled=true, browserName=firefox, takesScreenshot=true, javascriptEnabled=true, cssSelectorsEnabled=true}]Session ID: 47a77d72-f438-4c9c-955c-22e909740f92*** Element info: {Using=xpath, value=/html/body/nav/div/div[2]/ul/li[3]/a/span[2]}]]>
            </message>
            <full-stacktrace>
              <![CDATA[org.openqa.selenium.NoSuchElementException: Unable to locate element: {"method":"xpath","selector":"/html/body/nav/div/div[2]/ul/li[3]/a/span[2]"}Command duration or timeout: 3.01 secondsFor documentation on this error, please visit: http://seleniumhq.org/exceptions/no_such_element.htmlBuild info: version: '2.53.1', revision: 'a36b8b1cd5757287168e54b817830adce9b0158d', time: '2016-06-30 19:26:09'System info: host: 'Toshiba-PC-TOSH', ip: '192.168.56.1', os.name: 'Windows 7', os.arch: 'amd64', os.version: '6.1', java.version: '1.8.0_131'Driver info: org.openqa.selenium.firefox.FirefoxDriverCapabilities [{applicationCacheEnabled=true, rotatable=false, handlesAlerts=true, databaseEnabled=true, version=30.0, platform=WINDOWS, browserConnectionEnabled=true, nativeEvents=false, acceptSslCerts=true, webStorageEnabled=true, locationContextEnabled=true, browserName=firefox, takesScreenshot=true, javascriptEnabled=true, cssSelectorsEnabled=true}]Session ID: 47a77d72-f438-4c9c-955c-22e909740f92*** Element info: {Using=xpath, value=/html/body/nav/div/div[2]/ul/li[3]/a/span[2]}at sun.reflect.NativeConstructorAccessorImpl.newInstance0(Native Method)at sun.reflect.NativeConstructorAccessorImpl.newInstance(NativeConstructorAccessorImpl.java:62)at sun.reflect.DelegatingConstructorAccessorImpl.newInstance(DelegatingConstructorAccessorImpl.java:45)at java.lang.reflect.Constructor.newInstance(Constructor.java:423)at org.openqa.selenium.remote.ErrorHandler.createThrowable(ErrorHandler.java:206)at org.openqa.selenium.remote.ErrorHandler.throwIfResponseFailed(ErrorHandler.java:158)at org.openqa.selenium.remote.RemoteWebDriver.execute(RemoteWebDriver.java:678)at org.openqa.selenium.remote.RemoteWebDriver.findElement(RemoteWebDriver.java:363)at org.openqa.selenium.remote.RemoteWebDriver.findElementByXPath(RemoteWebDriver.java:500)at org.openqa.selenium.By$ByXPath.findElement(By.java:361)at org.openqa.selenium.remote.RemoteWebDriver.findElement(RemoteWebDriver.java:355)at Newowner.annotation.TestExcelData.Addownertest(TestExcelData.java:49)at sun.reflect.NativeMethodAccessorImpl.invoke0(Native Method)at sun.reflect.NativeMethodAccessorImpl.invoke(NativeMethodAccessorImpl.java:62)at sun.reflect.DelegatingMethodAccessorImpl.invoke(DelegatingMethodAccessorImpl.java:43)at java.lang.reflect.Method.invoke(Method.java:498)at org.testng.internal.MethodInvocationHelper.invokeMethod(MethodInvocationHelper.java:124)at org.testng.internal.Invoker.invokeMethod(Invoker.java:571)at org.testng.internal.Invoker.invokeTestMethod(Invoker.java:707)at org.testng.internal.Invoker.invokeTestMethods(Invoker.java:979)at org.testng.internal.TestMethodWorker.invokeTestMethods(TestMethodWorker.java:125)at org.testng.internal.TestMethodWorker.run(TestMethodWorker.java:109)at org.testng.TestRunner.privateRun(TestRunner.java:648)at org.testng.TestRunner.run(TestRunner.java:505)at org.testng.SuiteRunner.runTest(SuiteRunner.java:455)at org.testng.SuiteRunner.runSequentially(SuiteRunner.java:450)at org.testng.SuiteRunner.privateRun(SuiteRunner.java:415)at org.testng.SuiteRunner.run(SuiteRunner.java:364)at org.testng.SuiteRunnerWorker.runSuite(SuiteRunnerWorker.java:52)at org.testng.SuiteRunnerWorker.run(SuiteRunnerWorker.java:84)at org.testng.TestNG.runSuitesSequentially(TestNG.java:1187)at org.testng.TestNG.runSuitesLocally(TestNG.java:1116)at org.testng.TestNG.runSuites(TestNG.java:1028)at org.testng.TestNG.run(TestNG.java:996)at org.testng.remote.AbstractRemoteTestNG.run(AbstractRemoteTestNG.java:114)at org.testng.remote.RemoteTestNG.initAndRun(RemoteTestNG.java:251)at org.testng.remote.RemoteTestNG.main(RemoteTestNG.java:77)Caused by: org.openqa.selenium.NoSuchElementException: Unable to locate element: {"method":"xpath","selector":"/html/body/nav/div/div[2]/ul/li[3]/a/span[2]"}For documentation on this error, please visit: http://seleniumhq.org/exceptions/no_such_element.htmlBuild info: version: '2.53.1', revision: 'a36b8b1cd5757287168e54b817830adce9b0158d', time: '2016-06-30 19:26:09'System info: host: 'Toshiba-PC-TOSH', ip: '192.168.56.1', os.name: 'Windows 7', os.arch: 'amd64', os.version: '6.1', java.version: '1.8.0_131'Driver info: driver.version: unknownat <anonymous class>.FirefoxDriver.prototype.findElementInternal_(file:///C:/Users/TOSHIB~1/AppData/Local/Temp/anonymous5594612472991202692webdriver-profile/extensions/fxdriver@googlecode.com/components/driver-component.js:10770)at <anonymous class>.FirefoxDriver.prototype.findElement(file:///C:/Users/TOSHIB~1/AppData/Local/Temp/anonymous5594612472991202692webdriver-profile/extensions/fxdriver@googlecode.com/components/driver-component.js:10779)at <anonymous class>.DelayedCommand.prototype.executeInternal_/h(file:///C:/Users/TOSHIB~1/AppData/Local/Temp/anonymous5594612472991202692webdriver-profile/extensions/fxdriver@googlecode.com/components/command-processor.js:12661)at <anonymous class>.DelayedCommand.prototype.executeInternal_(file:///C:/Users/TOSHIB~1/AppData/Local/Temp/anonymous5594612472991202692webdriver-profile/extensions/fxdriver@googlecode.com/components/command-processor.js:12666)at <anonymous class>.DelayedCommand.prototype.execute/<(file:///C:/Users/TOSHIB~1/AppData/Local/Temp/anonymous5594612472991202692webdriver-profile/extensions/fxdriver@googlecode.com/components/command-processor.js:12608)]]>
            </full-stacktrace>
          </exception> <!-- org.openqa.selenium.NoSuchElementException -->
          <reporter-output>
          </reporter-output>
        </test-method> <!-- Addownertest -->
        <test-method status="PASS" signature="setup()[pri:0, instance:Newowner.annotation.TestExcelData@6366ebe0]" name="setup" is-config="true" duration-ms="32877" started-at="2018-03-21T15:09:53Z" finished-at="2018-03-21T15:10:26Z">
          <reporter-output>
          </reporter-output>
        </test-method> <!-- setup -->
        <test-method status="FAIL" signature="Addownertest(java.lang.String, java.lang.String, java.lang.String, java.lang.String, java.lang.String)[pri:0, instance:Newowner.annotation.TestExcelData@6366ebe0]" name="Addownertest" duration-ms="524" started-at="2018-03-21T15:10:26Z" data-provider="getTesdata" finished-at="2018-03-21T15:10:26Z">
          <params>
            <param index="0">
              <value>
                <![CDATA[khjjk]]>
              </value>
            </param>
            <param index="1">
              <value>
                <![CDATA[nbvbn]]>
              </value>
            </param>
            <param index="2">
              <value>
                <![CDATA[bm]]>
              </value>
            </param>
            <param index="3">
              <value>
                <![CDATA[mm]]>
              </value>
            </param>
            <param index="4">
              <value>
                <![CDATA[32]]>
              </value>
            </param>
          </params>
          <exception class="org.openqa.selenium.NoSuchElementException">
            <message>
              <![CDATA[Unable to locate element: {"method":"xpath","selector":"/html/body/nav/div/div[2]/ul/li[3]/a/span[2]"}Command duration or timeout: 519 millisecondsFor documentation on this error, please visit: http://seleniumhq.org/exceptions/no_such_element.htmlBuild info: version: '2.53.1', revision: 'a36b8b1cd5757287168e54b817830adce9b0158d', time: '2016-06-30 19:26:09'System info: host: 'Toshiba-PC-TOSH', ip: '192.168.56.1', os.name: 'Windows 7', os.arch: 'amd64', os.version: '6.1', java.version: '1.8.0_131'Driver info: org.openqa.selenium.firefox.FirefoxDriverCapabilities [{applicationCacheEnabled=true, rotatable=false, handlesAlerts=true, databaseEnabled=true, version=30.0, platform=WINDOWS, browserConnectionEnabled=true, nativeEvents=false, acceptSslCerts=true, webStorageEnabled=true, locationContextEnabled=true, browserName=firefox, takesScreenshot=true, javascriptEnabled=true, cssSelectorsEnabled=true}]Session ID: d82573b7-e08e-45b6-ac48-4d557e5df93c*** Element info: {Using=xpath, value=/html/body/nav/div/div[2]/ul/li[3]/a/span[2]}]]>
            </message>
            <full-stacktrace>
              <![CDATA[org.openqa.selenium.NoSuchElementException: Unable to locate element: {"method":"xpath","selector":"/html/body/nav/div/div[2]/ul/li[3]/a/span[2]"}Command duration or timeout: 519 millisecondsFor documentation on this error, please visit: http://seleniumhq.org/exceptions/no_such_element.htmlBuild info: version: '2.53.1', revision: 'a36b8b1cd5757287168e54b817830adce9b0158d', time: '2016-06-30 19:26:09'System info: host: 'Toshiba-PC-TOSH', ip: '192.168.56.1', os.name: 'Windows 7', os.arch: 'amd64', os.version: '6.1', java.version: '1.8.0_131'Driver info: org.openqa.selenium.firefox.FirefoxDriverCapabilities [{applicationCacheEnabled=true, rotatable=false, handlesAlerts=true, databaseEnabled=true, version=30.0, platform=WINDOWS, browserConnectionEnabled=true, nativeEvents=false, acceptSslCerts=true, webStorageEnabled=true, locationContextEnabled=true, browserName=firefox, takesScreenshot=true, javascriptEnabled=true, cssSelectorsEnabled=true}]Session ID: d82573b7-e08e-45b6-ac48-4d557e5df93c*** Element info: {Using=xpath, value=/html/body/nav/div/div[2]/ul/li[3]/a/span[2]}at sun.reflect.NativeConstructorAccessorImpl.newInstance0(Native Method)at sun.reflect.NativeConstructorAccessorImpl.newInstance(NativeConstructorAccessorImpl.java:62)at sun.reflect.DelegatingConstructorAccessorImpl.newInstance(DelegatingConstructorAccessorImpl.java:45)at java.lang.reflect.Constructor.newInstance(Constructor.java:423)at org.openqa.selenium.remote.ErrorHandler.createThrowable(ErrorHandler.java:206)at org.openqa.selenium.remote.ErrorHandler.throwIfResponseFailed(ErrorHandler.java:158)at org.openqa.selenium.remote.RemoteWebDriver.execute(RemoteWebDriver.java:678)at org.openqa.selenium.remote.RemoteWebDriver.findElement(RemoteWebDriver.java:363)at org.openqa.selenium.remote.RemoteWebDriver.findElementByXPath(RemoteWebDriver.java:500)at org.openqa.selenium.By$ByXPath.findElement(By.java:361)at org.openqa.selenium.remote.RemoteWebDriver.findElement(RemoteWebDriver.java:355)at Newowner.annotation.TestExcelData.Addownertest(TestExcelData.java:49)at sun.reflect.NativeMethodAccessorImpl.invoke0(Native Method)at sun.reflect.NativeMethodAccessorImpl.invoke(NativeMethodAccessorImpl.java:62)at sun.reflect.DelegatingMethodAccessorImpl.invoke(DelegatingMethodAccessorImpl.java:43)at java.lang.reflect.Method.invoke(Method.java:498)at org.testng.internal.MethodInvocationHelper.invokeMethod(MethodInvocationHelper.java:124)at org.testng.internal.Invoker.invokeMethod(Invoker.java:571)at org.testng.internal.Invoker.invokeTestMethod(Invoker.java:707)at org.testng.internal.Invoker.invokeTestMethods(Invoker.java:979)at org.testng.internal.TestMethodWorker.invokeTestMethods(TestMethodWorker.java:125)at org.testng.internal.TestMethodWorker.run(TestMethodWorker.java:109)at org.testng.TestRunner.privateRun(TestRunner.java:648)at org.testng.TestRunner.run(TestRunner.java:505)at org.testng.SuiteRunner.runTest(SuiteRunner.java:455)at org.testng.SuiteRunner.runSequentially(SuiteRunner.java:450)at org.testng.SuiteRunner.privateRun(SuiteRunner.java:415)at org.testng.SuiteRunner.run(SuiteRunner.java:364)at org.testng.SuiteRunnerWorker.runSuite(SuiteRunnerWorker.java:52)at org.testng.SuiteRunnerWorker.run(SuiteRunnerWorker.java:84)at org.testng.TestNG.runSuitesSequentially(TestNG.java:1187)at org.testng.TestNG.runSuitesLocally(TestNG.java:1116)at org.testng.TestNG.runSuites(TestNG.java:1028)at org.testng.TestNG.run(TestNG.java:996)at org.testng.remote.AbstractRemoteTestNG.run(AbstractRemoteTestNG.java:114)at org.testng.remote.RemoteTestNG.initAndRun(RemoteTestNG.java:251)at org.testng.remote.RemoteTestNG.main(RemoteTestNG.java:77)Caused by: org.openqa.selenium.NoSuchElementException: Unable to locate element: {"method":"xpath","selector":"/html/body/nav/div/div[2]/ul/li[3]/a/span[2]"}For documentation on this error, please visit: http://seleniumhq.org/exceptions/no_such_element.htmlBuild info: version: '2.53.1', revision: 'a36b8b1cd5757287168e54b817830adce9b0158d', time: '2016-06-30 19:26:09'System info: host: 'Toshiba-PC-TOSH', ip: '192.168.56.1', os.name: 'Windows 7', os.arch: 'amd64', os.version: '6.1', java.version: '1.8.0_131'Driver info: driver.version: unknownat <anonymous class>.FirefoxDriver.prototype.findElementInternal_(file:///C:/Users/TOSHIB~1/AppData/Local/Temp/anonymous8836298045138892280webdriver-profile/extensions/fxdriver@googlecode.com/components/driver-component.js:10770)at <anonymous class>.FirefoxDriver.prototype.findElement(file:///C:/Users/TOSHIB~1/AppData/Local/Temp/anonymous8836298045138892280webdriver-profile/extensions/fxdriver@googlecode.com/components/driver-component.js:10779)at <anonymous class>.DelayedCommand.prototype.executeInternal_/h(file:///C:/Users/TOSHIB~1/AppData/Local/Temp/anonymous8836298045138892280webdriver-profile/extensions/fxdriver@googlecode.com/components/command-processor.js:12661)at <anonymous class>.DelayedCommand.prototype.executeInternal_(file:///C:/Users/TOSHIB~1/AppData/Local/Temp/anonymous8836298045138892280webdriver-profile/extensions/fxdriver@googlecode.com/components/command-processor.js:12666)at <anonymous class>.DelayedCommand.prototype.execute/<(file:///C:/Users/TOSHIB~1/AppData/Local/Temp/anonymous8836298045138892280webdriver-profile/extensions/fxdriver@googlecode.com/components/command-processor.js:12608)]]>
            </full-stacktrace>
          </exception> <!-- org.openqa.selenium.NoSuchElementException -->
          <reporter-output>
          </reporter-output>
        </test-method> <!-- Addownertest -->
      </class> <!-- Newowner.annotation.TestExcelData -->
    </test> <!-- Default test -->
  </suite> <!-- Default suite -->
</testng-results>
